\BOOKMARK [0][-]{section*.6}{Disclaimer}{}% 1
\BOOKMARK [0][-]{section*.9}{Motivation}{}% 2
\BOOKMARK [0][-]{chapter.1}{Modeling \046 Model Checking with Promela \046 Spin}{}% 3
\BOOKMARK [1][-]{section.1.1}{PROMELA Introduction}{chapter.1}% 4
\BOOKMARK [1][-]{section.1.2}{Verifying with Spin}{chapter.1}% 5
\BOOKMARK [1][-]{section.1.3}{Modeling Concurrency}{chapter.1}% 6
\BOOKMARK [1][-]{section.1.4}{Introduction to Promela/Spin}{chapter.1}% 7
\BOOKMARK [1][-]{section.1.5}{Modeling Distribution}{chapter.1}% 8
\BOOKMARK [1][-]{section.1.6}{Propositional Logic \046 Temporal Logic \(1\)}{chapter.1}% 9
\BOOKMARK [1][-]{section.1.7}{Temporal Logic \(2\)}{chapter.1}% 10
\BOOKMARK [1][-]{section.1.8}{Channels \046 Linear Temporal Logic}{chapter.1}% 11
\BOOKMARK [1][-]{section.1.9}{Temporal Model Checking with Spin}{chapter.1}% 12
\BOOKMARK [0][-]{chapter.2}{Modeling \046 Verification with JML \046 KeY}{}% 13
\BOOKMARK [1][-]{section.2.1}{First-Order Logic \(Syntax and Semantics\)}{chapter.2}% 14
\BOOKMARK [1][-]{section.2.2}{First-Order Logic \205 Calculus}{chapter.2}% 15
\BOOKMARK [1][-]{section.2.3}{JML \(1\)}{chapter.2}% 16
\BOOKMARK [1][-]{section.2.4}{JML \(2\)}{chapter.2}% 17
\BOOKMARK [1][-]{section.2.5}{Dynamic Logic 1}{chapter.2}% 18
\BOOKMARK [1][-]{section.2.6}{Dynamic Logic Calculus}{chapter.2}% 19
\BOOKMARK [1][-]{section.2.7}{Proof-Obligations}{chapter.2}% 20
\BOOKMARK [1][-]{section.2.8}{Loop Invariants}{chapter.2}% 21
